<?xml version="1.0" encoding="UTF-8"?>
<testng-results ignored="0" total="1" passed="0" failed="1" skipped="0">
  <reporter-output>
  </reporter-output>
  <suite started-at="2022-01-17T01:07:20 IST" name="Suite" finished-at="2022-01-17T01:08:33 IST" duration-ms="72663">
    <groups>
    </groups>
    <test started-at="2022-01-17T01:07:20 IST" name="ChromeTest" finished-at="2022-01-17T01:08:33 IST" duration-ms="72663">
      <class name="automation.selenium.SearchFlightsPageTest">
        <test-method is-config="true" signature="initialize(java.lang.String)[pri:0, instance:automation.selenium.SearchFlightsPageTest@28a2a3e7]" started-at="2022-01-17T01:07:20 IST" name="initialize" finished-at="2022-01-17T01:07:30 IST" duration-ms="9336" status="PASS">
          <params>
            <param index="0">
              <value>
                <![CDATA[chrome]]>
              </value>
            </param>
          </params>
          <reporter-output>
          </reporter-output>
        </test-method> <!-- initialize -->
        <test-method signature="searchFlights(java.lang.String,java.lang.String,java.lang.String,java.lang.String,java.lang.String,java.lang.String,java.lang.String,java.lang.String,java.lang.String,java.lang.String,java.lang.String,java.lang.String,java.lang.String,java.lang.String,java.lang.String,java.lang.String)[pri:0, instance:automation.selenium.SearchFlightsPageTest@28a2a3e7]" started-at="2022-01-17T01:07:31 IST" name="searchFlights" data-provider="Test_Inputs" finished-at="2022-01-17T01:08:32 IST" duration-ms="61796" status="FAIL">
          <params>
            <param index="0">
              <value>
                <![CDATA[One way]]>
              </value>
            </param>
            <param index="1">
              <value>
                <![CDATA[IN]]>
              </value>
            </param>
            <param index="2">
              <value>
                <![CDATA[Cochin International Airport]]>
              </value>
            </param>
            <param index="3">
              <value>
                <![CDATA[COK]]>
              </value>
            </param>
            <param index="4">
              <value>
                <![CDATA[Kochi]]>
              </value>
            </param>
            <param index="5">
              <value>
                <![CDATA[IN]]>
              </value>
            </param>
            <param index="6">
              <value>
                <![CDATA[Indira Gandhi Airport]]>
              </value>
            </param>
            <param index="7">
              <value>
                <![CDATA[DEL]]>
              </value>
            </param>
            <param index="8">
              <value>
                <![CDATA[New Delhi]]>
              </value>
            </param>
            <param index="9">
              <value>
                <![CDATA[January 2022]]>
              </value>
            </param>
            <param index="10">
              <value>
                <![CDATA[22]]>
              </value>
            </param>
            <param index="11">
              <value>
                <![CDATA[3]]>
              </value>
            </param>
            <param index="12">
              <value>
                <![CDATA[1]]>
              </value>
            </param>
            <param index="13">
              <value>
                <![CDATA[0]]>
              </value>
            </param>
            <param index="14">
              <value>
                <![CDATA[1 stop]]>
              </value>
            </param>
            <param index="15">
              <value>
                <![CDATA[Evening]]>
              </value>
            </param>
          </params>
          <exception class="java.lang.IndexOutOfBoundsException">
            <message>
              <![CDATA[Index 4 out of bounds for length 4]]>
            </message>
            <full-stacktrace>
              <![CDATA[java.lang.IndexOutOfBoundsException: Index 4 out of bounds for length 4
at java.base/jdk.internal.util.Preconditions.outOfBounds(Preconditions.java:64)
at java.base/jdk.internal.util.Preconditions.outOfBoundsCheckIndex(Preconditions.java:70)
at java.base/jdk.internal.util.Preconditions.checkIndex(Preconditions.java:248)
at java.base/java.util.Objects.checkIndex(Objects.java:372)
at java.base/java.util.ArrayList.get(ArrayList.java:459)
at pageObjects.SearchFlightsPage.getAllDepartureTime(SearchFlightsPage.java:190)
at automation.selenium.SearchFlightsPageTest.searchFlights(SearchFlightsPageTest.java:117)
at java.base/jdk.internal.reflect.NativeMethodAccessorImpl.invoke0(Native Method)
at java.base/jdk.internal.reflect.NativeMethodAccessorImpl.invoke(NativeMethodAccessorImpl.java:62)
at java.base/jdk.internal.reflect.DelegatingMethodAccessorImpl.invoke(DelegatingMethodAccessorImpl.java:43)
at java.base/java.lang.reflect.Method.invoke(Method.java:566)
at org.testng.internal.MethodInvocationHelper.invokeMethod(MethodInvocationHelper.java:133)
at org.testng.internal.TestInvoker.invokeMethod(TestInvoker.java:598)
at org.testng.internal.TestInvoker.invokeTestMethod(TestInvoker.java:173)
at org.testng.internal.MethodRunner.runInSequence(MethodRunner.java:46)
at org.testng.internal.TestInvoker$MethodInvocationAgent.invoke(TestInvoker.java:824)
at org.testng.internal.TestInvoker.invokeTestMethods(TestInvoker.java:146)
at org.testng.internal.TestMethodWorker.invokeTestMethods(TestMethodWorker.java:146)
at org.testng.internal.TestMethodWorker.run(TestMethodWorker.java:128)
at java.base/java.util.ArrayList.forEach(ArrayList.java:1541)
at org.testng.TestRunner.privateRun(TestRunner.java:794)
at org.testng.TestRunner.run(TestRunner.java:596)
at org.testng.SuiteRunner.runTest(SuiteRunner.java:377)
at org.testng.SuiteRunner.runSequentially(SuiteRunner.java:371)
at org.testng.SuiteRunner.privateRun(SuiteRunner.java:332)
at org.testng.SuiteRunner.run(SuiteRunner.java:276)
at org.testng.SuiteRunnerWorker.runSuite(SuiteRunnerWorker.java:53)
at org.testng.SuiteRunnerWorker.run(SuiteRunnerWorker.java:96)
at org.testng.TestNG.runSuitesSequentially(TestNG.java:1212)
at org.testng.TestNG.runSuitesLocally(TestNG.java:1134)
at org.testng.TestNG.runSuites(TestNG.java:1063)
at org.testng.TestNG.run(TestNG.java:1031)
at org.testng.remote.AbstractRemoteTestNG.run(AbstractRemoteTestNG.java:115)
at org.testng.remote.RemoteTestNG.initAndRun(RemoteTestNG.java:251)
at org.testng.remote.RemoteTestNG.main(RemoteTestNG.java:77)
]]>
            </full-stacktrace>
          </exception> <!-- java.lang.IndexOutOfBoundsException -->
          <reporter-output>
          </reporter-output>
        </test-method> <!-- searchFlights -->
      </class> <!-- automation.selenium.SearchFlightsPageTest -->
    </test> <!-- ChromeTest -->
  </suite> <!-- Suite -->
</testng-results>
